Organization: remilab
Project: byungkwan
Displayed last 85 lines of #369367233729.
[09:10:06.450422] workload awaiting to start
[09:10:06.450522] Workload status changed to pending
[09:10:11.941295] VESSL Workload assigned successfully. Starting soon.
[09:10:12.000000] Container image "quay.io/vessl-ai/kernels-toolbox:0.1.188" already present on machine
[09:10:12.000000] Created container vops-init
[09:10:12.000000] Started container vops-init
[09:10:14.000000] Creating VESSL Workload...
[09:10:14.000000] Created container vops-sidecar
[09:10:14.000000] Created container ttyd-sidecar
[09:10:14.000000] Starting VESSL Workload...
[09:10:14.000000] Started container vops-sidecar
[09:10:14.000000] Created container run-exec
[09:10:14.000000] Container image "quay.io/vessl-ai/kernels-toolbox:0.1.188" already present on machine
[09:10:14.000000] Started container fluentbit
[09:10:14.000000] Created container fluentbit
[09:10:14.000000] Container image "nvcr.io/nvidia/jax:24.10-py3" already present on machine
[09:10:14.000000] Started container ttyd-sidecar
[09:10:14.000000] Container image "quay.io/vessl-ai/sidecar:v0.0.3" already present on machine
[09:10:14.000000] Created container run-sidecar
[09:10:14.001000] Container image "nvcr.io/nvidia/jax:24.10-py3" already present on machine
[09:10:14.951693] Installing VESSL CLI...
[09:10:15.799354] workload reported alive as pod run-execution-95d26wg5gj8u-0
[09:10:15.799454] Workload status changed to initializing
[09:10:17.001084] + set +x
[09:10:21.871427] vessl, version 0.1.199
[09:10:27.152024] workload reported alive as pod run-execution-95d26wg5gj8u-0
[09:10:27.152124] Workload status changed to running
[09:10:27.320423] + mkdir -p /root
[09:10:27.322350] + cd /root
[09:10:27.322736] + cd /root/workspace/byungkwan-workspace/research/rfx
[09:10:27.328124] + git config --global --add safe.directory /root/workspace/byungkwan-workspace/research/rfx
[09:10:27.339371] + git pull --ff-only origin main
[09:10:28.561298] From https://github.com/bk-squared/rfx
[09:10:28.561323]  * branch            main       -> FETCH_HEAD
[09:10:28.604496] Already up to date.
[09:10:28.605467] + pip install -q -e '.[dev]'
[09:10:36.360322] WARNING: Running pip as the 'root' user can result in broken permissions and conflicting behaviour with the system package manager. It is recommended to use a virtual environment instead: https://pip.pypa.io/warnings/venv
[09:10:36.548987] ========================================
[09:10:36.548990] + echo '========================================'
[09:10:36.549008] rfx Issue #44 Phase 4 Job 0 (single-GPU calibration)
[09:10:36.549013] ========================================
[09:10:36.549021] + echo 'rfx Issue #44 Phase 4 Job 0 (single-GPU calibration)'
[09:10:36.549025] + echo '========================================'
[09:10:36.549028] + mkdir -p logs/issue44
[09:10:36.552060] + python scripts/benchmarks/issue44_distributed_nu.py --case calibration --devices 1 --device-type gpu --checkpoint-every 50 --n-steps 200 --out logs/issue44/job0_single_gpu.json
[09:10:36.847844] ======================================================================
[09:10:36.847867] issue44_distributed_nu  |  case=calibration  devices=1  device_type=gpu
[09:10:36.957455] jax.devices()=[CudaDevice(id=0)]  default_backend=gpu
[09:10:36.957480] ======================================================================
[09:10:37.986467]   [PREFLIGHT] All checks passed.
[09:10:41.936383]   [PREFLIGHT] All checks passed.
[09:10:44.433713]   [PREFLIGHT] All checks passed.
[09:10:54.882580] 2026-04-17 00:10:54.882399: W external/xla/xla/service/hlo_rematerialization.cc:3005] Can't reduce memory use below 14.21GiB (15260979352 bytes) by rematerialization; only reduced to 18.00GiB (19322883712 bytes), down from 18.00GiB (19322883712 bytes) originally
[09:11:07.101982] 2026-04-17 00:11:07.101729: W external/xla/xla/tsl/framework/bfc_allocator.cc:497] Allocator (GPU_0_bfc) ran out of memory trying to allocate 17.69GiB (rounded to 18996443904)requested by op 
[09:11:07.102227] 2026-04-17 00:11:07.102000: W external/xla/xla/tsl/framework/bfc_allocator.cc:508] **_______________________________________________***********************_********______*************
[09:11:07.102243] E0417 00:11:07.102061     260 pjrt_stream_executor_client.cc:3067] Execution of replica 0 failed: RESOURCE_EXHAUSTED: Out of memory while trying to allocate 18996443776 bytes.
[09:11:07.134019] 
[09:11:07.134038] --- Summary ---
[09:11:07.134046] case            : calibration
[09:11:07.134053] grid            : 80x80x1040 = 6,656,000 cells
[09:11:07.134058] n_steps         : 200  dt=1.348e-12
[09:11:07.134064] distributed     : False  devices=1
[09:11:07.134070] calibration_row : True
[09:11:07.134076] compile_time_s  : 1.461
[09:11:07.134081] forward_wt_s    : 2.484688714146614
[09:11:07.134087] backward_wt_s   : 0.0
[09:11:07.134117] peak_mem_per_dev: 1609760000
[09:11:07.134123] value_rel_err   : 0.0
[09:11:07.134129] probe_rel_err   : 0.0
[09:11:07.134134] grad_rel_err    : 0.0
[09:11:07.134140] ERRORS          : 1
[09:11:07.134145]   - [backward] XlaRuntimeError: RESOURCE_EXHAUSTED: Out of memory while trying to allocate 18996443776 bytes.
[09:11:07.134152] 
[09:11:07.134158] JSON written to: logs/issue44/job0_single_gpu.json
[09:11:07.648259] workload reported done
[09:11:07.648359] Workload status changed to stopping
[09:11:15.347060] workload reported done
[09:11:15.347160] Workload status changed to waitToBeKilled
[09:11:18.000000] Stopping container vops-sidecar
[09:11:18.000000] Stopping container run-sidecar
[09:11:18.000000] Stopping container run-exec
[09:11:18.000000] Terminating VESSL Workload...
[09:11:18.000000] Stopping container fluentbit
[09:11:18.171330] workload failed
[09:11:18.171430] Workload status changed to failed
