Organization: remilab
Project: byungkwan
Displayed last 86 lines of #369367233745.
[10:23:53.078402] workload awaiting to start
[10:23:53.078502] Workload status changed to pending
[10:23:56.942472] Event Reason: FailedScheduling, Event Note: 0/13 nodes are available: pod has unbound immediate PersistentVolumeClaims. preemption: 0/13 nodes are available: 13 Preemption is not helpful for scheduling.
[10:23:56.942472] Workload is in queue for scheduling. Please wait...
[10:24:05.562922] VESSL Workload assigned successfully. Starting soon.
[10:24:06.000000] Container image "quay.io/vessl-ai/kernels-toolbox:0.1.188" already present on machine
[10:24:06.000000] Created container vops-init
[10:24:06.000000] Started container vops-init
[10:24:07.000000] Creating VESSL Workload...
[10:24:07.000000] Starting VESSL Workload...
[10:24:07.000000] Created container run-exec
[10:24:07.000000] Started container run-exec
[10:24:07.000000] Container image "nvcr.io/nvidia/jax:24.10-py3" already present on machine
[10:24:07.000000] Container image "quay.io/vessl-ai/sidecar:v0.0.3" already present on machine
[10:24:07.001000] Container image "nvcr.io/nvidia/jax:24.10-py3" already present on machine
[10:24:08.000000] Created container vops-sidecar
[10:24:08.000000] Created container ttyd-sidecar
[10:24:08.000000] Started container vops-sidecar
[10:24:08.000000] Container image "quay.io/vessl-ai/kernels-toolbox:0.1.188" already present on machine
[10:24:08.000000] Started container ttyd-sidecar
[10:24:08.000000] Container image "quay.io/vessl-ai/fluent-bit:2.1.6" already present on machine
[10:24:08.286455] Installing VESSL CLI...
[10:24:09.135149] workload reported alive as pod run-execution-v7fwe83efa6q-0
[10:24:09.135249] Workload status changed to initializing
[10:24:10.252335] + set +x
[10:24:14.494888] vessl, version 0.1.199
[10:24:15.381440] workload reported alive as pod run-execution-v7fwe83efa6q-0
[10:24:15.381540] Workload status changed to running
[10:24:15.480602] + mkdir -p /root
[10:24:15.482330] + cd /root
[10:24:15.482622] + cd /root/workspace/byungkwan-workspace/research/rfx
[10:24:15.487946] + git config --global --add safe.directory /root/workspace/byungkwan-workspace/research/rfx
[10:24:15.498967] + git pull --ff-only origin main
[10:24:16.654286] From https://github.com/bk-squared/rfx
[10:24:16.654310]  * branch            main       -> FETCH_HEAD
[10:24:16.699867] Already up to date.
[10:24:16.700674] + pip install -q -e '.[dev]'
[10:24:24.968872] WARNING: Running pip as the 'root' user can result in broken permissions and conflicting behaviour with the system package manager. It is recommended to use a virtual environment instead: https://pip.pypa.io/warnings/venv
[10:24:25.152933] + echo '========================================'
[10:24:25.152951] ========================================
[10:24:25.152962] + echo 'rfx Issue #44 Phase 4 Job 0 (single-GPU calibration)'
[10:24:25.152969] + echo '========================================'
[10:24:25.152975] + mkdir -p logs/issue44
[10:24:25.152988] rfx Issue #44 Phase 4 Job 0 (single-GPU calibration)
[10:24:25.152994] ========================================
[10:24:25.155506] + python scripts/benchmarks/issue44_distributed_nu.py --case calibration --devices 1 --device-type gpu --checkpoint-every 50 --n-steps 100 --out logs/issue44/job0_single_gpu.json
[10:24:25.440473] ======================================================================
[10:24:25.440506] issue44_distributed_nu  |  case=calibration  devices=1  device_type=gpu
[10:24:25.550332] jax.devices()=[CudaDevice(id=0)]  default_backend=gpu
[10:24:25.550358] ======================================================================
[10:24:26.509294]   [PREFLIGHT] All checks passed.
[10:24:30.147149]   [PREFLIGHT] All checks passed.
[10:24:32.104031]   [PREFLIGHT] All checks passed.
[10:24:41.876048] 2026-04-17 01:24:41.875882: W external/xla/xla/service/hlo_rematerialization.cc:3005] Can't reduce memory use below 15.00GiB (16103814032 bytes) by rematerialization; only reduced to 17.62GiB (18925571712 bytes), down from 17.62GiB (18925571712 bytes) originally
[10:24:54.023120] 2026-04-17 01:24:54.022869: W external/xla/xla/tsl/framework/bfc_allocator.cc:497] Allocator (GPU_0_bfc) ran out of memory trying to allocate 17.32GiB (rounded to 18599131904)requested by op 
[10:24:54.023338] 2026-04-17 01:24:54.023131: W external/xla/xla/tsl/framework/bfc_allocator.cc:508] **************************__****_________________*************____________**************************
[10:24:54.023354] E0417 01:24:54.023201     246 pjrt_stream_executor_client.cc:3067] Execution of replica 0 failed: RESOURCE_EXHAUSTED: Out of memory while trying to allocate 18599131776 bytes.
[10:24:54.057049] 
[10:24:54.057063] --- Summary ---
[10:24:54.057070] case            : calibration
[10:24:54.057075] grid            : 80x80x1040 = 6,656,000 cells
[10:24:54.057081] n_steps         : 100  dt=1.348e-12
[10:24:54.057086] distributed     : False  devices=1
[10:24:54.057090] calibration_row : True
[10:24:54.057095] compile_time_s  : 1.693
[10:24:54.057099] forward_wt_s    : 1.9421058828011155
[10:24:54.057103] backward_wt_s   : 0.0
[10:24:54.057123] peak_mem_per_dev: 1605864960
[10:24:54.057127] value_rel_err   : 0.0
[10:24:54.057132] probe_rel_err   : 0.0
[10:24:54.057136] grad_rel_err    : 0.0
[10:24:54.057140] ERRORS          : 1
[10:24:54.057144]   - [backward] XlaRuntimeError: RESOURCE_EXHAUSTED: Out of memory while trying to allocate 18599131776 bytes.
[10:24:54.057161] 
[10:24:54.057195] JSON written to: logs/issue44/job0_single_gpu.json
[10:24:54.540779] workload reported done
[10:24:54.540879] Workload status changed to stopping
[10:25:03.503952] workload reported done
[10:25:03.504052] Workload status changed to waitToBeKilled
[10:25:06.000000] Stopping container vops-sidecar
[10:25:06.000000] Stopping container run-sidecar
[10:25:06.000000] Stopping container run-exec
[10:25:06.000000] Terminating VESSL Workload...
[10:25:06.000000] Stopping container fluentbit
[10:25:06.122657] workload failed
[10:25:06.122757] Workload status changed to failed
