Organization: remilab
Project: byungkwan
Displayed last 138 lines of #369367233766.
[11:04:04.062157] workload awaiting to start
[11:04:04.062257] Workload status changed to pending
[11:04:09.009581] Event Reason: FailedScheduling, Event Note: 0/13 nodes are available: pod has unbound immediate PersistentVolumeClaims. preemption: 0/13 nodes are available: 13 Preemption is not helpful for scheduling.
[11:04:09.009581] Workload is in queue for scheduling. Please wait...
[11:04:20.690732] VESSL Workload assigned successfully. Starting soon.
[11:04:21.000000] Container image "quay.io/vessl-ai/kernels-toolbox:0.1.188" already present on machine
[11:04:21.000000] Created container vops-init
[11:04:21.000000] Started container vops-init
[11:04:22.000000] Creating VESSL Workload...
[11:04:22.000000] Created container run-exec
[11:04:22.000000] Container image "nvcr.io/nvidia/jax:24.10-py3" already present on machine
[11:04:22.001000] Container image "nvcr.io/nvidia/jax:24.10-py3" already present on machine
[11:04:23.000000] Started container run-sidecar
[11:04:23.000000] Created container vops-sidecar
[11:04:23.000000] Starting VESSL Workload...
[11:04:23.000000] Started container vops-sidecar
[11:04:23.000000] Started container run-exec
[11:04:23.000000] Started container fluentbit
[11:04:23.000000] Created container fluentbit
[11:04:23.000000] Container image "quay.io/vessl-ai/sidecar:v0.0.3" already present on machine
[11:04:23.000000] Created container run-sidecar
[11:04:23.750359] Installing VESSL CLI...
[11:04:24.753130] workload reported alive as pod run-execution-743aim1sxs9j-0
[11:04:24.753230] Workload status changed to initializing
[11:04:26.015618] + set +x
[11:04:30.222221] vessl, version 0.1.199
[11:04:31.154257] workload reported alive as pod run-execution-743aim1sxs9j-0
[11:04:31.154357] Workload status changed to running
[11:04:31.265706] + mkdir -p /root
[11:04:31.267570] + cd /root
[11:04:31.267939] + cd /root/workspace/byungkwan-workspace/research/rfx
[11:04:31.273706] + git config --global --add safe.directory /root/workspace/byungkwan-workspace/research/rfx
[11:04:31.283702] + git pull --ff-only origin main
[11:04:32.581637] From https://github.com/bk-squared/rfx
[11:04:32.581659]  * branch            main       -> FETCH_HEAD
[11:04:32.630489] Already up to date.
[11:04:32.631364] + pip install -q -e '.[dev]'
[11:04:40.954762] WARNING: Running pip as the 'root' user can result in broken permissions and conflicting behaviour with the system package manager. It is recommended to use a virtual environment instead: https://pip.pypa.io/warnings/venv
[11:04:41.141844] ========================================
[11:04:41.141874] rfx Issue #44 Phase 4 Job 0 (single-GPU calibration)
[11:04:41.141881] + echo '========================================'
[11:04:41.141884] ========================================
[11:04:41.141902] + echo 'rfx Issue #44 Phase 4 Job 0 (single-GPU calibration)'
[11:04:41.141910] + echo '========================================'
[11:04:41.141916] + mkdir -p logs/issue44
[11:04:41.145584] + python scripts/benchmarks/issue44_distributed_nu.py --case calibration --devices 1 --device-type gpu --checkpoint-every 10 --n-steps 100 --out logs/issue44/job0_single_gpu.json
[11:04:41.435693] ======================================================================
[11:04:41.435711] issue44_distributed_nu  |  case=calibration  devices=1  device_type=gpu
[11:04:41.526201] jax.devices()=[CudaDevice(id=0)]  default_backend=gpu
[11:04:41.526223] ======================================================================
[11:04:42.524725]   [PREFLIGHT] All checks passed.
[11:04:46.126606]   [PREFLIGHT] All checks passed.
[11:04:48.138418]   [PREFLIGHT] All checks passed.
[11:05:03.414672]   [PREFLIGHT] All checks passed.
[11:05:17.093195] 
[11:05:17.093239] --- Summary ---
[11:05:17.093247] case            : calibration
[11:05:17.093253] grid            : 80x80x1040 = 6,656,000 cells
[11:05:17.093259] n_steps         : 100  dt=1.348e-12
[11:05:17.093266] distributed     : False  devices=1
[11:05:17.093271] calibration_row : True
[11:05:17.093277] compile_time_s  : 1.600
[11:05:17.093283] forward_wt_s    : 1.9984197951853275
[11:05:17.093289] backward_wt_s   : 13.64156903885305
[11:05:17.093295] peak_mem_per_dev: 1605864704
[11:05:17.093301] value_rel_err   : 0.0
[11:05:17.093307] probe_rel_err   : 0.0
[11:05:17.093316] grad_rel_err    : 0.0
[11:05:17.093321] 
[11:05:17.093327] JSON written to: logs/issue44/job0_single_gpu.json
[11:05:17.885115] + echo 
[11:05:17.885132] 
[11:05:17.885136] + echo '=== JSON output ==='
[11:05:17.885144] + cat logs/issue44/job0_single_gpu.json
[11:05:17.885157] === JSON output ===
[11:05:17.886435] {
[11:05:17.886450]   "issue": "44",
[11:05:17.886455]   "case": "calibration",
[11:05:17.886458]   "branch": "main",
[11:05:17.886480]   "commit": "6d5650a",
[11:05:17.886483]   "device_type": "gpu",
[11:05:17.886487]   "n_devices": 1,
[11:05:17.886492]   "platform": "gpu",
[11:05:17.886496]   "machine": "Linux-5.15.0-170-generic-x86_64-with-glibc2.35",
[11:05:17.886499]   "python": "3.10.12",
[11:05:17.886503]   "jax_version": "0.4.33.dev20241023+e3c6d6430",
[11:05:17.886506]   "nx": 80,
[11:05:17.886509]   "ny": 80,
[11:05:17.886512]   "nz": 1040,
[11:05:17.886516]   "n_cells": 6656000,
[11:05:17.886519]   "dt": 1.348152019018734e-12,
[11:05:17.886522]   "n_steps": 100,
[11:05:17.886525]   "cpml_layers": 8,
[11:05:17.886529]   "dispersion_mode": "mixed",
[11:05:17.886532]   "n_debye_poles": 1,
[11:05:17.886535]   "n_lorentz_poles": 1,
[11:05:17.886538]   "distributed": false,
[11:05:17.886542]   "checkpoint_every": 10,
[11:05:17.886545]   "n_warmup": 0,
[11:05:17.886548]   "design_mask_fraction": 0.0,
[11:05:17.886552]   "emit_time_series": true,
[11:05:17.886555]   "exchange_interval": 1,
[11:05:17.886558]   "calibration_row": true,
[11:05:17.886561]   "memory_pass_threshold": 1766451174.4,
[11:05:17.886564]   "wall_time_pass_threshold": 2.1982617747038606,
[11:05:17.886567]   "pass_memory": true,
[11:05:17.886571]   "pass_wall_time": true,
[11:05:17.886574]   "pass_numerics": true,
[11:05:17.886577]   "errors": [],
[11:05:17.886580]   "scan_graph_compile_time": 1.6004225155338645,
[11:05:17.886583]   "forward_wall_time_single": 1.9984197951853275,
[11:05:17.886586]   "forward_wall_time": 1.9984197951853275,
[11:05:17.886590]   "peak_device_memory": {
[11:05:17.886593]     "rank0": 1605864704
[11:05:17.886596]   },
[11:05:17.886599]   "peak_mem_per_device": 1605864704,
[11:05:17.886602]   "value_rel_err_vs_single": 0.0,
[11:05:17.886606]   "probe_rel_err_vs_single": 0.0,
[11:05:17.886609]   "grad_nan_count": 0,
[11:05:17.886612]   "grad_nan_fraction": 0.0,
[11:05:17.886615]   "grad_active_cell_count": 120732,
[11:05:17.886618]   "backward_wall_time": 13.64156903885305,
[11:05:17.886621]   "grad_rel_err_vs_single": 0.0
[11:05:17.886946] }
[11:05:17.886948] + echo 
[11:05:17.886951] === DONE ===
[11:05:17.886961] + echo '=== DONE ==='
[11:05:17.891804] workload reported done
[11:05:17.891904] Workload status changed to stopping
[11:05:31.290367] + set +x
[11:05:36.300443] workload reported done
[11:05:36.300544] Workload status changed to waitToBeKilled
[11:05:39.000000] Stopping container run-exec
[11:05:39.000000] Terminating VESSL Workload...
[11:05:39.000000] Stopping container ttyd-sidecar
[11:05:39.000000] Stopping container fluentbit
[11:05:39.132011] workload completed
[11:05:39.132111] Workload status changed to completed
