Organization: remilab
Project: byungkwan
Displayed last 200 lines of #369367233831.
[16:14:34.095964]   [PREFLIGHT] All checks passed.
[16:15:27.666365]   [PREFLIGHT] All checks passed.
[16:15:27.671307] /root/workspace/byungkwan-workspace/research/rfx/scripts/benchmarks/issue44_distributed_nu.py:385: UserWarning: checkpoint_every=25 with n_warmup=0 and n_steps=100 < 1000 may spend more time on recomputation overhead than it saves in memory; consider checkpoint_every=None for small runs.
[16:15:27.671324]   res = sim_factory().forward(eps_override=eps_val, **kwargs)
[16:15:49.945925]   [PREFLIGHT] All checks passed.
[16:15:49.949119] /root/workspace/byungkwan-workspace/research/rfx/scripts/benchmarks/issue44_distributed_nu.py:385: UserWarning: checkpoint_every=25 with n_warmup=0 and n_steps=100 < 1000 may spend more time on recomputation overhead than it saves in memory; consider checkpoint_every=None for small runs.
[16:15:49.949135]   res = sim_factory().forward(eps_override=eps_val, **kwargs)
[16:16:09.749475] 
[16:16:09.749555] --- Summary ---
[16:16:09.749568] case            : baseline
[16:16:09.749599] grid            : 112x112x1040 = 13,045,760 cells
[16:16:09.749611] n_steps         : 100  dt=1.348e-12
[16:16:09.749620] distributed     : True  devices=2
[16:16:09.749628] calibration_row : False
[16:16:09.749636] compile_time_s  : 1.644
[16:16:09.749676] forward_wt_s    : 16.154308272525668
[16:16:09.749685] backward_wt_s   : 19.68922920525074
[16:16:09.749694] peak_mem_per_dev: 27243850496
[16:16:09.749703] value_rel_err   : 0.0
[16:16:09.749711] probe_rel_err   : 0.0
[16:16:09.749719] grad_rel_err    : 0.0018415476473269134
[16:16:09.749726] 
[16:16:09.749734] JSON written to: logs/issue44/job_a_2gpu_ce25.json
[16:16:12.227401] + echo 
[16:16:12.227450] 
[16:16:12.227452] + echo '--- checkpoint_every=50 ---'
[16:16:12.227464] + python scripts/benchmarks/issue44_distributed_nu.py --case baseline --devices 2 --device-type gpu --checkpoint-every 50 --n-steps 100 --out logs/issue44/job_a_2gpu_ce50.json
[16:16:12.227485] --- checkpoint_every=50 ---
[16:16:12.491146] ======================================================================
[16:16:12.491179] issue44_distributed_nu  |  case=baseline  devices=2  device_type=gpu
[16:16:12.639621] jax.devices()=[CudaDevice(id=0), CudaDevice(id=1)]  default_backend=gpu
[16:16:12.639662] ======================================================================
[16:16:13.523882]   [PREFLIGHT] All checks passed.
[16:16:19.338983]   [PREFLIGHT] All checks passed.
[16:16:23.480571] /root/workspace/byungkwan-workspace/research/rfx/scripts/benchmarks/issue44_distributed_nu.py:362: UserWarning: Simulation.forward(distributed=True) is opt-in and pending GPU evidence (see issue #44). Set distributed=True only after reading docs/research_notes/2026-04-16_issue44_v3_plan.md.
[16:16:23.480623]   res_warm = sim_factory().forward(**kwargs)
[16:16:23.480657]   [PREFLIGHT] All checks passed.
[16:16:23.488518] /root/workspace/byungkwan-workspace/research/rfx/scripts/benchmarks/issue44_distributed_nu.py:362: UserWarning: checkpoint_every=50 with n_warmup=0 and n_steps=100 < 1000 may spend more time on recomputation overhead than it saves in memory; consider checkpoint_every=None for small runs.
[16:16:23.488546]   res_warm = sim_factory().forward(**kwargs)
[16:16:41.390489]   [PREFLIGHT] All checks passed.
[16:16:41.394013] /root/workspace/byungkwan-workspace/research/rfx/scripts/benchmarks/issue44_distributed_nu.py:368: UserWarning: checkpoint_every=50 with n_warmup=0 and n_steps=100 < 1000 may spend more time on recomputation overhead than it saves in memory; consider checkpoint_every=None for small runs.
[16:16:41.394042]   res = sim_factory().forward(**kwargs)
[16:16:57.732633]   [PREFLIGHT] All checks passed.
[16:17:13.863249] 2026-04-17 07:17:13.862998: W external/xla/xla/service/hlo_rematerialization.cc:3005] Can't reduce memory use below 30.32GiB (32558748893 bytes) by rematerialization; only reduced to 34.47GiB (37010624128 bytes), down from 34.47GiB (37010624128 bytes) originally
[16:17:26.154610] 2026-04-17 07:17:26.154346: W external/xla/xla/tsl/framework/bfc_allocator.cc:497] Allocator (GPU_0_bfc) ran out of memory trying to allocate 33.89GiB (rounded to 36388682496)requested by op 
[16:17:26.154868] 2026-04-17 07:17:26.154725: W external/xla/xla/tsl/framework/bfc_allocator.cc:508] *************************_***____________________************_____________**************************
[16:17:26.154906] E0417 07:17:26.154801    3183 pjrt_stream_executor_client.cc:3067] Execution of replica 0 failed: RESOURCE_EXHAUSTED: Out of memory while trying to allocate 36388682496 bytes.
[16:17:26.196211] 
[16:17:26.196275] --- Summary ---
[16:17:26.196287] case            : baseline
[16:17:26.196297] grid            : 112x112x1040 = 13,045,760 cells
[16:17:26.196305] n_steps         : 100  dt=1.348e-12
[16:17:26.196313] distributed     : True  devices=2
[16:17:26.196321] calibration_row : False
[16:17:26.196329] compile_time_s  : 1.692
[16:17:26.196337] forward_wt_s    : 16.319959324784577
[16:17:26.196345] backward_wt_s   : 0.0
[16:17:26.196354] peak_mem_per_dev: 4016688384
[16:17:26.196362] value_rel_err   : 0.0
[16:17:26.196370] probe_rel_err   : 0.0
[16:17:26.196377] grad_rel_err    : 0.0
[16:17:26.196385] ERRORS          : 1
[16:17:26.196393]   - [backward] XlaRuntimeError: RESOURCE_EXHAUSTED: Out of memory while trying to allocate 36388682496 bytes.
[16:17:26.196404] 
[16:17:26.196411] JSON written to: logs/issue44/job_a_2gpu_ce50.json
[16:17:27.242475] + echo '[WARN] ce=50 failed'
[16:17:27.242511] + echo 
[16:17:27.242516] + echo '=== JSON outputs ==='
[16:17:27.242521] + echo '--- ce=10 ---'
[16:17:27.242529] [WARN] ce=50 failed
[16:17:27.242555] + cat logs/issue44/job_a_2gpu_ce10.json
[16:17:27.242579] 
[16:17:27.242590] === JSON outputs ===
[16:17:27.242599] --- ce=10 ---
[16:17:27.246714] + echo missing
[16:17:27.246742] + echo '--- ce=25 ---'
[16:17:27.246753] missing
[16:17:27.246754] + cat logs/issue44/job_a_2gpu_ce25.json
[16:17:27.246783] --- ce=25 ---
[16:17:27.250608] {
[16:17:27.250655]   "issue": "44",
[16:17:27.250666]   "case": "baseline",
[16:17:27.250674]   "branch": "main",
[16:17:27.250682]   "commit": "81d05c8",
[16:17:27.250689]   "device_type": "gpu",
[16:17:27.250699]   "n_devices": 2,
[16:17:27.250706]   "platform": "gpu",
[16:17:27.250715]   "machine": "Linux-5.15.0-170-generic-x86_64-with-glibc2.35",
[16:17:27.250724]   "python": "3.10.12",
[16:17:27.250735]   "jax_version": "0.4.33.dev20241023+e3c6d6430",
[16:17:27.250742]   "nx": 112,
[16:17:27.250750]   "ny": 112,
[16:17:27.250757]   "nz": 1040,
[16:17:27.250765]   "n_cells": 13045760,
[16:17:27.250772]   "dt": 1.348152019018734e-12,
[16:17:27.250780]   "n_steps": 100,
[16:17:27.250787]   "cpml_layers": 8,
[16:17:27.250795]   "dispersion_mode": "mixed",
[16:17:27.250802]   "n_debye_poles": 1,
[16:17:27.250809]   "n_lorentz_poles": 1,
[16:17:27.250817]   "distributed": true,
[16:17:27.250824]   "checkpoint_every": 25,
[16:17:27.250831]   "n_warmup": 0,
[16:17:27.250838]   "design_mask_fraction": 0.0,
[16:17:27.250845]   "emit_time_series": true,
[16:17:27.250853]   "exchange_interval": 1,
[16:17:27.250860]   "calibration_row": false,
[16:17:27.250867]   "memory_pass_threshold": null,
[16:17:27.250875]   "wall_time_pass_threshold": null,
[16:17:27.250882]   "pass_memory": null,
[16:17:27.250913]   "pass_wall_time": null,
[16:17:27.250921]   "pass_numerics": false,
[16:17:27.250928]   "errors": [],
[16:17:27.250935]   "scan_graph_compile_time": 1.6444013621658087,
[16:17:27.250943]   "forward_wall_time_single": 4.127052612602711,
[16:17:27.250950]   "forward_wall_time": 16.154308272525668,
[16:17:27.250957]   "peak_device_memory": {
[16:17:27.250964]     "rank0": 27243850496,
[16:17:27.250972]     "rank1": 15468383232
[16:17:27.250979]   },
[16:17:27.250986]   "peak_mem_per_device": 27243850496,
[16:17:27.250993]   "value_rel_err_vs_single": 0.0,
[16:17:27.251001]   "probe_rel_err_vs_single": 0.0,
[16:17:27.251008]   "grad_nan_count": 0,
[16:17:27.251016]   "grad_nan_fraction": 0.0,
[16:17:27.251023]   "grad_active_cell_count": 26939,
[16:17:27.251030]   "backward_wall_time": 19.68922920525074,
[16:17:27.251037]   "grad_rel_err_vs_single": 0.0018415476473269134
[16:17:27.251852] + echo '--- ce=50 ---'
[16:17:27.251879] }--- ce=50 ---
[16:17:27.251879] + cat logs/issue44/job_a_2gpu_ce50.json
[16:17:27.255440] {
[16:17:27.255476]   "issue": "44",
[16:17:27.255481]   "case": "baseline",
[16:17:27.255485]   "branch": "main",
[16:17:27.255488]   "commit": "81d05c8",
[16:17:27.255491]   "device_type": "gpu",
[16:17:27.255494]   "n_devices": 2,
[16:17:27.255497]   "platform": "gpu",
[16:17:27.255502]   "machine": "Linux-5.15.0-170-generic-x86_64-with-glibc2.35",
[16:17:27.255505]   "python": "3.10.12",
[16:17:27.255510]   "jax_version": "0.4.33.dev20241023+e3c6d6430",
[16:17:27.255512]   "nx": 112,
[16:17:27.255516]   "ny": 112,
[16:17:27.255519]   "nz": 1040,
[16:17:27.255522]   "n_cells": 13045760,
[16:17:27.255527]   "dt": 1.348152019018734e-12,
[16:17:27.255531]   "n_steps": 100,
[16:17:27.255535]   "cpml_layers": 8,
[16:17:27.255538]   "dispersion_mode": "mixed",
[16:17:27.255542]   "n_debye_poles": 1,
[16:17:27.255545]   "n_lorentz_poles": 1,
[16:17:27.255548]   "distributed": true,
[16:17:27.255551]   "checkpoint_every": 50,
[16:17:27.255554]   "n_warmup": 0,
[16:17:27.255557]   "design_mask_fraction": 0.0,
[16:17:27.255560]   "emit_time_series": true,
[16:17:27.255563]   "exchange_interval": 1,
[16:17:27.255566]   "calibration_row": false,
[16:17:27.255569]   "memory_pass_threshold": null,
[16:17:27.255572]   "wall_time_pass_threshold": null,
[16:17:27.255575]   "pass_memory": null,
[16:17:27.255579]   "pass_wall_time": null,
[16:17:27.255582]   "pass_numerics": null,
[16:17:27.255585]   "errors": [
[16:17:27.255588]     {
[16:17:27.255591]       "stage": "backward",
[16:17:27.255594]       "type": "XlaRuntimeError",
[16:17:27.255598]       "msg": "RESOURCE_EXHAUSTED: Out of memory while trying to allocate 36388682496 bytes.",
[16:17:27.255603]       "trace": "Traceback (most recent call last):
[16:17:27.255603]   File \"/root/workspace/byungkwan-workspace/research/rfx/scripts/benchmarks/issue44_distributed_nu.py\", line 725, in <module>
[16:17:27.255603]     raise SystemExit(main())
[16:17:27.255603]   File \"/root/workspace/byungkwan-workspace/research/rfx/scripts/benchmarks/issue44_distributed_nu.py\", line 693, in main
[16:17:27.255603]     record = run(args)
[16:17:27.255603]   File \"/root/workspace/byungkwan-workspace/research/rfx/scripts/benchmarks/issue44_distributed_nu.py\", line 576, in run
[16:17:27.255603]     b_single = _measure_backward(_factory_single, single_kwargs,
[16:17:27.255603]   File \"/root/workspace/byungkwan-workspace/research/rfx/scripts/benchmarks/issue44_distributed_nu.py\", line 392, in _measure_backward
[16:17:27.255603]     val_w, grad_w = grad_fn(eps_init)
[16:17:27.255603]   File \"/root/workspace/byungkwan-workspace/research/rfx/scripts/benchmarks/issue44_distributed_nu.py\", line 385, in _grad_loss
[16:17:27.255603]     res = sim_factory().forward(eps_override=eps_val, **kwargs)
[16:17:27.255603]   File \"/root/workspace/byungkwan-workspace/research/rfx/rfx/api.py\", line 4143, in forward
[16:17:27.255603]     return self._forward_nonuniform_from_materials(
[16:17:27.255603]   File \"/root/workspace/byungkwan-workspace/research/rfx/rfx/api.py\", line 3579, in _forward_nonuniform_from_materials
[16:17:27.255603]     result = run_nonuniform_path(
[16:17:27.255603]   File \"/root/workspace/byungkwan-workspace/research/rfx/rfx/runners/nonuniform.py\", line 522, in run_nonuniform_path
[16:17:27.255603]     r = run_nonuniform(
[16:17:27.255603]   File \"/root/workspace/byungkwan-workspace/research/rfx/rfx/nonuniform.py\", line 1020, in run_nonuniform
[16:17:27.255603]     final, segment_ys = jax.lax.scan(
[16:17:27.255603] jax._src.source_info_util.JaxStackTraceBeforeTransformation: jaxlib.xla_extension.XlaRuntimeError: RESOURCE_EXHAUSTED: Out of memory while trying to allocate 36388682496 bytes.
[16:17:27.255603] 
[16:17:27.255603] The preceding stack trace is the source of the JAX operation that, once transformed by JAX, triggered the following exception.
[16:17:27.255603] 
[16:17:27.255603] --------------------
[16:17:27.255603] 
[16:17:27.255603] The above exception was the direct cause of the following exception:
[16:17:27.255603] 
[16:17:27.255603] jax.errors.SimplifiedTraceback: For simplicity, JAX has removed its internal frames from the traceback of the following exception. Set JAX_TRACEBACK_FILTERING=off to include these.
[16:17:27.255603] 
[16:17:27.255603] The above exception was the direct cause of the following exception:
[16:17:27.255603] 
[16:17:27.255603] Traceback (most recent call last):
[16:17:27.255603]   File \"/root/workspace/byungkwan-workspace/research/rfx/scripts/benchmarks/issue44_distributed_nu.py\", line 576, in run
[16:17:27.255603]     b_single = _measure_backward(_factory_single, single_kwargs,
[16:17:27.255603]   File \"/root/workspace/byungkwan-workspace/research/rfx/scripts/benchmarks/issue44_distributed_nu.py\", line 392, in _measure_backward
[16:17:27.255603]     val_w, grad_w = grad_fn(eps_init)
[16:17:27.255603] jaxlib.xla_extension.XlaRuntimeError: RESOURCE_EXHAUSTED: Out of memory while trying to allocate 36388682496 bytes.
[16:17:27.255603] "
[16:17:27.255630]     }
[16:17:27.255633]   ],
[16:17:27.255636]   "scan_graph_compile_time": 1.6915124924853444,
[16:17:27.255639]   "forward_wall_time_single": 4.119964592158794,
[16:17:27.255642]   "forward_wall_time": 16.319959324784577,
[16:17:27.255645]   "peak_device_memory": {
[16:17:27.255647]     "rank0": 4016688384,
[16:17:27.255651]     "rank1": 1925353728
[16:17:27.255653]   },
[16:17:27.255656]   "peak_mem_per_device": 4016688384,
[16:17:27.255660]   "value_rel_err_vs_single": 0.0,
[16:17:27.255662]   "probe_rel_err_vs_single": 0.0,
[16:17:27.255665]   "backward_wall_time": 0.0,
[16:17:27.255668]   "grad_rel_err_vs_single": 0.0
[16:17:27.256815] }
[16:17:27.256819] + echo 
[16:17:27.256827] === DONE ===
[16:17:27.256837] + echo '=== DONE ==='
[16:17:27.283528] workload reported done
[16:17:27.283628] Workload status changed to stopping
[16:17:36.870926] + set +x
[16:17:41.893885] workload reported done
[16:17:41.893985] Workload status changed to waitToBeKilled
[16:17:45.000000] Stopping container vops-sidecar
[16:17:45.000000] Stopping container run-exec
[16:17:45.000000] Terminating VESSL Workload...
[16:17:45.000000] Stopping container ttyd-sidecar
[16:17:45.000000] Stopping container fluentbit
[16:17:45.131977] workload completed
[16:17:45.132077] Workload status changed to completed
